TN:
SF:src\modules\suggestions\test\suggestions.spec.ts
FN:6,(anonymous_7)
FN:8,(anonymous_8)
FN:12,(anonymous_9)
FN:21,(anonymous_10)
FN:30,(anonymous_11)
FN:33,(anonymous_12)
FN:42,(anonymous_13)
FN:48,(anonymous_14)
FNF:8
FNH:8
FNDA:3,(anonymous_7)
FNDA:1,(anonymous_8)
FNDA:1,(anonymous_9)
FNDA:1,(anonymous_10)
FNDA:1,(anonymous_11)
FNDA:1,(anonymous_12)
FNDA:1,(anonymous_13)
FNDA:1,(anonymous_14)
DA:1,1
DA:2,1
DA:3,1
DA:5,1
DA:6,3
DA:8,1
DA:10,1
DA:12,1
DA:13,1
DA:22,1
DA:23,1
DA:24,1
DA:25,1
DA:26,1
DA:30,1
DA:31,1
DA:34,1
DA:35,1
DA:36,1
DA:37,1
DA:38,1
DA:42,1
DA:43,1
DA:49,1
DA:50,1
DA:51,1
DA:52,1
LF:27
LH:27
BRF:0
BRH:0
end_of_record
TN:
SF:src\modules\user\test\user.spec.ts
FN:6,(anonymous_7)
FN:8,(anonymous_8)
FN:12,(anonymous_9)
FN:20,(anonymous_10)
FN:29,(anonymous_11)
FN:37,(anonymous_12)
FN:47,(anonymous_13)
FN:54,(anonymous_14)
FN:66,(anonymous_15)
FN:74,(anonymous_16)
FN:82,(anonymous_17)
FN:89,(anonymous_18)
FN:97,(anonymous_19)
FN:104,(anonymous_20)
FNF:14
FNH:14
FNDA:6,(anonymous_7)
FNDA:1,(anonymous_8)
FNDA:1,(anonymous_9)
FNDA:1,(anonymous_10)
FNDA:1,(anonymous_11)
FNDA:1,(anonymous_12)
FNDA:1,(anonymous_13)
FNDA:1,(anonymous_14)
FNDA:1,(anonymous_15)
FNDA:1,(anonymous_16)
FNDA:1,(anonymous_17)
FNDA:1,(anonymous_18)
FNDA:1,(anonymous_19)
FNDA:1,(anonymous_20)
DA:1,1
DA:2,1
DA:3,1
DA:5,1
DA:6,6
DA:8,1
DA:10,1
DA:12,1
DA:13,1
DA:21,1
DA:22,1
DA:23,1
DA:24,1
DA:25,1
DA:29,1
DA:30,1
DA:38,1
DA:39,1
DA:40,1
DA:41,1
DA:42,1
DA:43,1
DA:47,1
DA:48,1
DA:55,1
DA:56,1
DA:57,1
DA:58,1
DA:59,1
DA:60,1
DA:61,1
DA:62,1
DA:66,1
DA:67,1
DA:75,1
DA:76,1
DA:77,1
DA:78,1
DA:82,1
DA:83,1
DA:90,1
DA:91,1
DA:92,1
DA:93,1
DA:97,1
DA:98,1
DA:105,1
DA:106,1
DA:107,1
DA:108,1
LF:50
LH:50
BRF:0
BRH:0
end_of_record
TN:
SF:src\routes\index.ts
FNF:0
FNH:0
DA:1,1
DA:2,1
DA:3,1
DA:5,1
DA:7,1
DA:8,1
DA:10,1
LF:7
LH:7
BRF:0
BRH:0
end_of_record
TN:
SF:src\routes\suggestionRoutes.ts
FNF:0
FNH:0
DA:1,1
DA:2,1
DA:4,1
DA:6,1
DA:7,1
DA:8,1
DA:10,1
LF:7
LH:7
BRF:0
BRH:0
end_of_record
TN:
SF:src\routes\usersRoutes.ts
FNF:0
FNH:0
DA:126,1
DA:127,1
DA:129,1
DA:131,1
DA:132,1
DA:133,1
DA:134,1
DA:135,1
DA:137,1
LF:9
LH:9
BRF:0
BRH:0
end_of_record
TN:
SF:src\utils\index.ts
FN:13,(anonymous_1)
FN:14,(anonymous_2)
FN:4,(anonymous_3)
FNF:3
FNH:3
FNDA:1,(anonymous_1)
FNDA:1,(anonymous_2)
FNDA:1,(anonymous_3)
DA:1,1
DA:2,1
DA:4,1
DA:5,1
DA:6,1
DA:12,1
DA:13,2
DA:14,2
LF:8
LH:8
BRF:0
BRH:0
end_of_record
TN:
SF:src\utils\passwordUtils.ts
FN:3,(anonymous_14)
FN:3,(anonymous_15)
FN:7,(anonymous_17)
FN:7,(anonymous_18)
FNF:4
FNH:4
FNDA:1,(anonymous_14)
FNDA:1,(anonymous_15)
FNDA:1,(anonymous_17)
FNDA:1,(anonymous_18)
DA:1,1
DA:3,1
DA:4,1
DA:7,1
DA:8,1
DA:12,1
DA:13,1
LF:7
LH:7
BRDA:4,0,0,1
BRDA:4,0,1,1
BRDA:8,1,0,1
BRDA:8,1,1,1
BRF:4
BRH:4
end_of_record
